2019-01-03 13:14:28,035 ERROR 65822 nodejs.ClusterClientNoResponseError: client no response in 1779179ms exceeding maxIdleTime 60000ms, maybe the connection is close on other side.
    at Timeout.Leader._heartbeatTimer.setInterval [as _onTimeout] (/Users/tugenhua/个人demo/egg/egg-demo1/node_modules/cluster-client/lib/leader.js:74:23)
    at ontimeout (timers.js:488:11)
    at tryOnTimeout (timers.js:323:5)
    at Timer.listOnTimeout (timers.js:283:5)
name: "ClusterClientNoResponseError"
pid: 65822
hostname: tugenhuadeMacBook-Pro.local

2019-01-03 13:24:24,656 ERROR 65822 nodejs.ClusterClientNoResponseError: client no response in 556572ms exceeding maxIdleTime 60000ms, maybe the connection is close on other side.
    at Timeout.Leader._heartbeatTimer.setInterval [as _onTimeout] (/Users/tugenhua/个人demo/egg/egg-demo1/node_modules/cluster-client/lib/leader.js:74:23)
    at ontimeout (timers.js:488:11)
    at tryOnTimeout (timers.js:323:5)
    at Timer.listOnTimeout (timers.js:283:5)
name: "ClusterClientNoResponseError"
pid: 65822
hostname: tugenhuadeMacBook-Pro.local

2019-01-03 13:44:57,953 ERROR 65822 nodejs.ClusterClientNoResponseError: client no response in 973231ms exceeding maxIdleTime 60000ms, maybe the connection is close on other side.
    at Timeout.Leader._heartbeatTimer.setInterval [as _onTimeout] (/Users/tugenhua/个人demo/egg/egg-demo1/node_modules/cluster-client/lib/leader.js:74:23)
    at ontimeout (timers.js:488:11)
    at tryOnTimeout (timers.js:323:5)
    at Timer.listOnTimeout (timers.js:283:5)
name: "ClusterClientNoResponseError"
pid: 65822
hostname: tugenhuadeMacBook-Pro.local

2019-01-03 13:51:26,523 ERROR 65822 nodejs.ClusterClientNoResponseError: client no response in 348543ms exceeding maxIdleTime 60000ms, maybe the connection is close on other side.
    at Timeout.Leader._heartbeatTimer.setInterval [as _onTimeout] (/Users/tugenhua/个人demo/egg/egg-demo1/node_modules/cluster-client/lib/leader.js:74:23)
    at ontimeout (timers.js:488:11)
    at tryOnTimeout (timers.js:323:5)
    at Timer.listOnTimeout (timers.js:283:5)
name: "ClusterClientNoResponseError"
pid: 65822
hostname: tugenhuadeMacBook-Pro.local

