2019-01-03 11:03:09,981 INFO 39806 [egg:logger] init all loggers with options: {"dir":"/Users/tugenhua/个人demo/egg/egg-demo1/logs/egg-demo1","encoding":"utf8","env":"local","level":"INFO","consoleLevel":"INFO","disableConsoleAfterReady":false,"outputJSON":false,"buffer":true,"appLogName":"egg-demo1-web.log","coreLogName":"egg-web.log","agentLogName":"egg-agent.log","errorLogName":"common-error.log","coreLogger":{"consoleLevel":"WARN"},"allowDebugAtProd":false,"type":"application"}
2019-01-03 11:03:10,032 INFO 39806 [egg-multipart] stream mode enable
2019-01-03 11:03:10,109 INFO 39806 [egg-static] starting static serve /public/ -> /Users/tugenhua/个人demo/egg/egg-demo1/app/public
2019-01-03 11:03:10,112 INFO 39806 [egg-security] use csrf middleware
2019-01-03 11:03:10,113 INFO 39806 [egg-security] use methodnoallow middleware
2019-01-03 11:03:10,114 INFO 39806 [egg-security] use noopen middleware
2019-01-03 11:03:10,115 INFO 39806 [egg-security] use nosniff middleware
2019-01-03 11:03:10,115 INFO 39806 [egg-security] use xssProtection middleware
2019-01-03 11:03:10,116 INFO 39806 [egg-security] use xframe middleware
2019-01-03 11:03:10,117 INFO 39806 [egg-security] use dta middleware
2019-01-03 11:03:10,117 INFO 39806 [egg-security] compose 7 middlewares into one security middleware
2019-01-03 11:03:10,130 INFO 39806 [egg:core] dump config after load, 8ms
2019-01-03 11:03:10,147 INFO 39806 [egg-watcher:application] watcher start success
2019-01-03 11:03:10,152 INFO 39806 [egg:core] dump config after ready, 3ms
2019-01-03 11:03:30,173 INFO 40032 [egg:logger] init all loggers with options: {"dir":"/Users/tugenhua/个人demo/egg/egg-demo1/logs/egg-demo1","encoding":"utf8","env":"local","level":"INFO","consoleLevel":"INFO","disableConsoleAfterReady":false,"outputJSON":false,"buffer":true,"appLogName":"egg-demo1-web.log","coreLogName":"egg-web.log","agentLogName":"egg-agent.log","errorLogName":"common-error.log","coreLogger":{"consoleLevel":"WARN"},"allowDebugAtProd":false,"type":"application"}
2019-01-03 11:03:30,213 INFO 40032 [egg-multipart] stream mode enable
2019-01-03 11:03:30,284 INFO 40032 [egg-static] starting static serve /public/ -> /Users/tugenhua/个人demo/egg/egg-demo1/app/public
2019-01-03 11:03:30,288 INFO 40032 [egg-security] use csrf middleware
2019-01-03 11:03:30,288 INFO 40032 [egg-security] use methodnoallow middleware
2019-01-03 11:03:30,289 INFO 40032 [egg-security] use noopen middleware
2019-01-03 11:03:30,290 INFO 40032 [egg-security] use nosniff middleware
2019-01-03 11:03:30,291 INFO 40032 [egg-security] use xssProtection middleware
2019-01-03 11:03:30,291 INFO 40032 [egg-security] use xframe middleware
2019-01-03 11:03:30,292 INFO 40032 [egg-security] use dta middleware
2019-01-03 11:03:30,292 INFO 40032 [egg-security] compose 7 middlewares into one security middleware
2019-01-03 11:03:30,305 INFO 40032 [egg:core] dump config after load, 9ms
2019-01-03 11:03:30,355 INFO 40032 [egg-watcher:application] watcher start success
2019-01-03 11:03:30,365 INFO 40032 [egg:core] dump config after ready, 3ms
2019-01-03 11:03:42,857 INFO 40253 [egg:logger] init all loggers with options: {"dir":"/Users/tugenhua/个人demo/egg/egg-demo1/logs/egg-demo1","encoding":"utf8","env":"local","level":"INFO","consoleLevel":"INFO","disableConsoleAfterReady":false,"outputJSON":false,"buffer":true,"appLogName":"egg-demo1-web.log","coreLogName":"egg-web.log","agentLogName":"egg-agent.log","errorLogName":"common-error.log","coreLogger":{"consoleLevel":"WARN"},"allowDebugAtProd":false,"type":"application"}
2019-01-03 11:03:42,910 INFO 40253 [egg-multipart] stream mode enable
2019-01-03 11:03:42,956 INFO 40253 [egg-static] starting static serve /public/ -> /Users/tugenhua/个人demo/egg/egg-demo1/app/public
2019-01-03 11:03:42,959 INFO 40253 [egg-security] use csrf middleware
2019-01-03 11:03:42,959 INFO 40253 [egg-security] use methodnoallow middleware
2019-01-03 11:03:42,960 INFO 40253 [egg-security] use noopen middleware
2019-01-03 11:03:42,960 INFO 40253 [egg-security] use nosniff middleware
2019-01-03 11:03:42,960 INFO 40253 [egg-security] use xssProtection middleware
2019-01-03 11:03:42,961 INFO 40253 [egg-security] use xframe middleware
2019-01-03 11:03:42,961 INFO 40253 [egg-security] use dta middleware
2019-01-03 11:03:42,961 INFO 40253 [egg-security] compose 7 middlewares into one security middleware
2019-01-03 11:03:42,974 INFO 40253 [egg:core] dump config after load, 7ms
2019-01-03 11:03:42,991 INFO 40253 [egg-watcher:application] watcher start success
2019-01-03 11:03:43,001 INFO 40253 [egg:core] dump config after ready, 8ms
2019-01-03 11:03:56,440 INFO 40362 [egg:logger] init all loggers with options: {"dir":"/Users/tugenhua/个人demo/egg/egg-demo1/logs/egg-demo1","encoding":"utf8","env":"local","level":"INFO","consoleLevel":"INFO","disableConsoleAfterReady":false,"outputJSON":false,"buffer":true,"appLogName":"egg-demo1-web.log","coreLogName":"egg-web.log","agentLogName":"egg-agent.log","errorLogName":"common-error.log","coreLogger":{"consoleLevel":"WARN"},"allowDebugAtProd":false,"type":"application"}
2019-01-03 11:03:56,481 INFO 40362 [egg-multipart] stream mode enable
2019-01-03 11:03:56,532 INFO 40362 [egg-static] starting static serve /public/ -> /Users/tugenhua/个人demo/egg/egg-demo1/app/public
2019-01-03 11:03:56,534 INFO 40362 [egg-security] use csrf middleware
2019-01-03 11:03:56,535 INFO 40362 [egg-security] use methodnoallow middleware
2019-01-03 11:03:56,535 INFO 40362 [egg-security] use noopen middleware
2019-01-03 11:03:56,536 INFO 40362 [egg-security] use nosniff middleware
2019-01-03 11:03:56,536 INFO 40362 [egg-security] use xssProtection middleware
2019-01-03 11:03:56,537 INFO 40362 [egg-security] use xframe middleware
2019-01-03 11:03:56,537 INFO 40362 [egg-security] use dta middleware
2019-01-03 11:03:56,537 INFO 40362 [egg-security] compose 7 middlewares into one security middleware
2019-01-03 11:03:56,549 INFO 40362 [egg:core] dump config after load, 7ms
2019-01-03 11:03:56,568 INFO 40362 [egg-watcher:application] watcher start success
2019-01-03 11:03:56,583 INFO 40362 [egg:core] dump config after ready, 12ms
2019-01-03 11:03:57,392 INFO 40368 [egg:logger] init all loggers with options: {"dir":"/Users/tugenhua/个人demo/egg/egg-demo1/logs/egg-demo1","encoding":"utf8","env":"local","level":"INFO","consoleLevel":"INFO","disableConsoleAfterReady":false,"outputJSON":false,"buffer":true,"appLogName":"egg-demo1-web.log","coreLogName":"egg-web.log","agentLogName":"egg-agent.log","errorLogName":"common-error.log","coreLogger":{"consoleLevel":"WARN"},"allowDebugAtProd":false,"type":"application"}
2019-01-03 11:03:57,448 INFO 40368 [egg-multipart] stream mode enable
2019-01-03 11:03:57,513 INFO 40368 [egg-static] starting static serve /public/ -> /Users/tugenhua/个人demo/egg/egg-demo1/app/public
2019-01-03 11:03:57,517 INFO 40368 [egg-security] use csrf middleware
2019-01-03 11:03:57,517 INFO 40368 [egg-security] use methodnoallow middleware
2019-01-03 11:03:57,518 INFO 40368 [egg-security] use noopen middleware
2019-01-03 11:03:57,519 INFO 40368 [egg-security] use nosniff middleware
2019-01-03 11:03:57,519 INFO 40368 [egg-security] use xssProtection middleware
2019-01-03 11:03:57,519 INFO 40368 [egg-security] use xframe middleware
2019-01-03 11:03:57,520 INFO 40368 [egg-security] use dta middleware
2019-01-03 11:03:57,520 INFO 40368 [egg-security] compose 7 middlewares into one security middleware
2019-01-03 11:03:57,536 INFO 40368 [egg:core] dump config after load, 11ms
2019-01-03 11:03:57,562 INFO 40368 [egg-watcher:application] watcher start success
2019-01-03 11:03:57,582 INFO 40368 [egg:core] dump config after ready, 15ms
2019-01-03 11:04:36,839 INFO 40806 [egg:logger] init all loggers with options: {"dir":"/Users/tugenhua/个人demo/egg/egg-demo1/logs/egg-demo1","encoding":"utf8","env":"local","level":"INFO","consoleLevel":"INFO","disableConsoleAfterReady":false,"outputJSON":false,"buffer":true,"appLogName":"egg-demo1-web.log","coreLogName":"egg-web.log","agentLogName":"egg-agent.log","errorLogName":"common-error.log","coreLogger":{"consoleLevel":"WARN"},"allowDebugAtProd":false,"type":"application"}
2019-01-03 11:04:36,923 INFO 40806 [egg-multipart] stream mode enable
2019-01-03 11:04:36,994 INFO 40806 [egg-static] starting static serve /public/ -> /Users/tugenhua/个人demo/egg/egg-demo1/app/public
2019-01-03 11:04:36,997 INFO 40806 [egg-security] use csrf middleware
2019-01-03 11:04:36,998 INFO 40806 [egg-security] use methodnoallow middleware
2019-01-03 11:04:36,998 INFO 40806 [egg-security] use noopen middleware
2019-01-03 11:04:36,999 INFO 40806 [egg-security] use nosniff middleware
2019-01-03 11:04:37,000 INFO 40806 [egg-security] use xssProtection middleware
2019-01-03 11:04:37,000 INFO 40806 [egg-security] use xframe middleware
2019-01-03 11:04:37,001 INFO 40806 [egg-security] use dta middleware
2019-01-03 11:04:37,001 INFO 40806 [egg-security] compose 7 middlewares into one security middleware
2019-01-03 11:04:37,015 INFO 40806 [egg:core] dump config after load, 9ms
2019-01-03 11:04:37,036 INFO 40806 [egg-watcher:application] watcher start success
2019-01-03 11:04:37,062 INFO 40806 [egg:core] dump config after ready, 21ms
2019-01-03 11:04:38,827 INFO 40807 [egg:logger] init all loggers with options: {"dir":"/Users/tugenhua/个人demo/egg/egg-demo1/logs/egg-demo1","encoding":"utf8","env":"local","level":"INFO","consoleLevel":"INFO","disableConsoleAfterReady":false,"outputJSON":false,"buffer":true,"appLogName":"egg-demo1-web.log","coreLogName":"egg-web.log","agentLogName":"egg-agent.log","errorLogName":"common-error.log","coreLogger":{"consoleLevel":"WARN"},"allowDebugAtProd":false,"type":"application"}
2019-01-03 11:04:38,875 INFO 40807 [egg-multipart] stream mode enable
2019-01-03 11:04:38,932 INFO 40807 [egg-static] starting static serve /public/ -> /Users/tugenhua/个人demo/egg/egg-demo1/app/public
2019-01-03 11:04:38,935 INFO 40807 [egg-security] use csrf middleware
2019-01-03 11:04:38,936 INFO 40807 [egg-security] use methodnoallow middleware
2019-01-03 11:04:38,937 INFO 40807 [egg-security] use noopen middleware
2019-01-03 11:04:38,937 INFO 40807 [egg-security] use nosniff middleware
2019-01-03 11:04:38,938 INFO 40807 [egg-security] use xssProtection middleware
2019-01-03 11:04:38,938 INFO 40807 [egg-security] use xframe middleware
2019-01-03 11:04:38,938 INFO 40807 [egg-security] use dta middleware
2019-01-03 11:04:38,938 INFO 40807 [egg-security] compose 7 middlewares into one security middleware
2019-01-03 11:04:38,953 INFO 40807 [egg:core] dump config after load, 10ms
2019-01-03 11:04:38,974 INFO 40807 [egg-watcher:application] watcher start success
2019-01-03 11:04:38,983 INFO 40807 [egg:core] dump config after ready, 5ms
2019-01-03 11:45:25,018 INFO 65823 [egg:logger] init all loggers with options: {"dir":"/Users/tugenhua/个人demo/egg/egg-demo1/logs/egg-demo1","encoding":"utf8","env":"local","level":"INFO","consoleLevel":"INFO","disableConsoleAfterReady":false,"outputJSON":false,"buffer":true,"appLogName":"egg-demo1-web.log","coreLogName":"egg-web.log","agentLogName":"egg-agent.log","errorLogName":"common-error.log","coreLogger":{"consoleLevel":"WARN"},"allowDebugAtProd":false,"type":"application"}
2019-01-03 11:45:25,058 INFO 65823 [egg-multipart] stream mode enable
2019-01-03 11:45:25,140 INFO 65823 [egg-static] starting static serve /public/ -> /Users/tugenhua/个人demo/egg/egg-demo1/app/public
2019-01-03 11:45:25,143 INFO 65823 [egg-security] use csrf middleware
2019-01-03 11:45:25,144 INFO 65823 [egg-security] use methodnoallow middleware
2019-01-03 11:45:25,145 INFO 65823 [egg-security] use noopen middleware
2019-01-03 11:45:25,145 INFO 65823 [egg-security] use nosniff middleware
2019-01-03 11:45:25,146 INFO 65823 [egg-security] use xssProtection middleware
2019-01-03 11:45:25,147 INFO 65823 [egg-security] use xframe middleware
2019-01-03 11:45:25,147 INFO 65823 [egg-security] use dta middleware
2019-01-03 11:45:25,147 INFO 65823 [egg-security] compose 7 middlewares into one security middleware
2019-01-03 11:45:25,160 INFO 65823 [egg:core] dump config after load, 7ms
2019-01-03 11:45:25,177 INFO 65823 [egg-watcher:application] watcher start success
2019-01-03 11:45:25,189 INFO 65823 [egg:core] dump config after ready, 9ms
2019-01-03 11:46:15,940 INFO 65823 [egg-view-nunjucks] loading templates from ["/Users/tugenhua/个人demo/egg/egg-demo1/app/view"]
2019-01-03 11:54:58,314 INFO 71616 [egg:logger] init all loggers with options: {"dir":"/Users/tugenhua/个人demo/egg/egg-demo1/logs/egg-demo1","encoding":"utf8","env":"local","level":"INFO","consoleLevel":"INFO","disableConsoleAfterReady":false,"outputJSON":false,"buffer":true,"appLogName":"egg-demo1-web.log","coreLogName":"egg-web.log","agentLogName":"egg-agent.log","errorLogName":"common-error.log","coreLogger":{"consoleLevel":"WARN"},"allowDebugAtProd":false,"type":"application"}
2019-01-03 11:54:58,361 INFO 71616 [egg-multipart] stream mode enable
2019-01-03 11:54:58,440 INFO 71616 [egg-static] starting static serve /public/ -> /Users/tugenhua/个人demo/egg/egg-demo1/app/public
2019-01-03 11:54:58,450 INFO 71616 [egg-security] use csrf middleware
2019-01-03 11:54:58,452 INFO 71616 [egg-security] use methodnoallow middleware
2019-01-03 11:54:58,452 INFO 71616 [egg-security] use noopen middleware
2019-01-03 11:54:58,454 INFO 71616 [egg-security] use nosniff middleware
2019-01-03 11:54:58,454 INFO 71616 [egg-security] use xssProtection middleware
2019-01-03 11:54:58,455 INFO 71616 [egg-security] use xframe middleware
2019-01-03 11:54:58,455 INFO 71616 [egg-security] use dta middleware
2019-01-03 11:54:58,455 INFO 71616 [egg-security] compose 7 middlewares into one security middleware
2019-01-03 11:54:58,473 INFO 71616 [egg:core] dump config after load, 11ms
2019-01-03 11:54:58,490 INFO 71616 [egg-watcher:application] watcher start success
2019-01-03 11:54:58,495 INFO 71616 [egg:core] dump config after ready, 3ms
2019-01-03 11:55:11,246 INFO 71734 [egg:logger] init all loggers with options: {"dir":"/Users/tugenhua/个人demo/egg/egg-demo1/logs/egg-demo1","encoding":"utf8","env":"local","level":"INFO","consoleLevel":"INFO","disableConsoleAfterReady":false,"outputJSON":false,"buffer":true,"appLogName":"egg-demo1-web.log","coreLogName":"egg-web.log","agentLogName":"egg-agent.log","errorLogName":"common-error.log","coreLogger":{"consoleLevel":"WARN"},"allowDebugAtProd":false,"type":"application"}
2019-01-03 11:55:11,285 INFO 71734 [egg-multipart] stream mode enable
2019-01-03 11:55:11,338 INFO 71734 [egg-static] starting static serve /public/ -> /Users/tugenhua/个人demo/egg/egg-demo1/app/public
2019-01-03 11:55:11,342 INFO 71734 [egg-security] use csrf middleware
2019-01-03 11:55:11,345 INFO 71734 [egg-security] use methodnoallow middleware
2019-01-03 11:55:11,346 INFO 71734 [egg-security] use noopen middleware
2019-01-03 11:55:11,346 INFO 71734 [egg-security] use nosniff middleware
2019-01-03 11:55:11,347 INFO 71734 [egg-security] use xssProtection middleware
2019-01-03 11:55:11,348 INFO 71734 [egg-security] use xframe middleware
2019-01-03 11:55:11,349 INFO 71734 [egg-security] use dta middleware
2019-01-03 11:55:11,349 INFO 71734 [egg-security] compose 7 middlewares into one security middleware
2019-01-03 11:55:11,369 INFO 71734 [egg:core] dump config after load, 13ms
2019-01-03 11:55:11,391 INFO 71734 [egg-watcher:application] watcher start success
2019-01-03 11:55:11,399 INFO 71734 [egg:core] dump config after ready, 5ms
2019-01-03 11:55:28,086 INFO 71964 [egg:logger] init all loggers with options: {"dir":"/Users/tugenhua/个人demo/egg/egg-demo1/logs/egg-demo1","encoding":"utf8","env":"local","level":"INFO","consoleLevel":"INFO","disableConsoleAfterReady":false,"outputJSON":false,"buffer":true,"appLogName":"egg-demo1-web.log","coreLogName":"egg-web.log","agentLogName":"egg-agent.log","errorLogName":"common-error.log","coreLogger":{"consoleLevel":"WARN"},"allowDebugAtProd":false,"type":"application"}
2019-01-03 11:55:28,126 INFO 71964 [egg-multipart] stream mode enable
2019-01-03 11:55:28,171 INFO 71964 [egg-static] starting static serve /public/ -> /Users/tugenhua/个人demo/egg/egg-demo1/app/public
2019-01-03 11:55:28,174 INFO 71964 [egg-security] use csrf middleware
2019-01-03 11:55:28,175 INFO 71964 [egg-security] use methodnoallow middleware
2019-01-03 11:55:28,175 INFO 71964 [egg-security] use noopen middleware
2019-01-03 11:55:28,181 INFO 71964 [egg-security] use nosniff middleware
2019-01-03 11:55:28,181 INFO 71964 [egg-security] use xssProtection middleware
2019-01-03 11:55:28,181 INFO 71964 [egg-security] use xframe middleware
2019-01-03 11:55:28,182 INFO 71964 [egg-security] use dta middleware
2019-01-03 11:55:28,182 INFO 71964 [egg-security] compose 7 middlewares into one security middleware
2019-01-03 11:55:28,196 INFO 71964 [egg:core] dump config after load, 8ms
2019-01-03 11:55:28,210 INFO 71964 [egg-watcher:application] watcher start success
2019-01-03 11:55:28,215 INFO 71964 [egg:core] dump config after ready, 3ms
2019-01-03 11:55:44,584 INFO 72191 [egg:logger] init all loggers with options: {"dir":"/Users/tugenhua/个人demo/egg/egg-demo1/logs/egg-demo1","encoding":"utf8","env":"local","level":"INFO","consoleLevel":"INFO","disableConsoleAfterReady":false,"outputJSON":false,"buffer":true,"appLogName":"egg-demo1-web.log","coreLogName":"egg-web.log","agentLogName":"egg-agent.log","errorLogName":"common-error.log","coreLogger":{"consoleLevel":"WARN"},"allowDebugAtProd":false,"type":"application"}
2019-01-03 11:55:44,624 INFO 72191 [egg-multipart] stream mode enable
2019-01-03 11:55:44,726 INFO 72191 [egg-static] starting static serve /public/ -> /Users/tugenhua/个人demo/egg/egg-demo1/app/public
2019-01-03 11:55:44,731 INFO 72191 [egg-security] use csrf middleware
2019-01-03 11:55:44,732 INFO 72191 [egg-security] use methodnoallow middleware
2019-01-03 11:55:44,732 INFO 72191 [egg-security] use noopen middleware
2019-01-03 11:55:44,732 INFO 72191 [egg-security] use nosniff middleware
2019-01-03 11:55:44,733 INFO 72191 [egg-security] use xssProtection middleware
2019-01-03 11:55:44,733 INFO 72191 [egg-security] use xframe middleware
2019-01-03 11:55:44,733 INFO 72191 [egg-security] use dta middleware
2019-01-03 11:55:44,733 INFO 72191 [egg-security] compose 7 middlewares into one security middleware
2019-01-03 11:55:44,748 INFO 72191 [egg:core] dump config after load, 10ms
2019-01-03 11:55:44,768 INFO 72191 [egg-watcher:application] watcher start success
2019-01-03 11:55:44,789 INFO 72191 [egg:core] dump config after ready, 16ms
2019-01-03 12:00:20,186 INFO 75011 [egg:logger] init all loggers with options: {"dir":"/Users/tugenhua/个人demo/egg/egg-demo1/logs/egg-demo1","encoding":"utf8","env":"local","level":"INFO","consoleLevel":"INFO","disableConsoleAfterReady":false,"outputJSON":false,"buffer":true,"appLogName":"egg-demo1-web.log","coreLogName":"egg-web.log","agentLogName":"egg-agent.log","errorLogName":"common-error.log","coreLogger":{"consoleLevel":"WARN"},"allowDebugAtProd":false,"type":"application"}
2019-01-03 12:00:20,250 INFO 75011 [egg-multipart] stream mode enable
2019-01-03 12:00:20,352 INFO 75011 [egg-static] starting static serve /public/ -> /Users/tugenhua/个人demo/egg/egg-demo1/app/public
2019-01-03 12:00:20,356 INFO 75011 [egg-security] use csrf middleware
2019-01-03 12:00:20,357 INFO 75011 [egg-security] use methodnoallow middleware
2019-01-03 12:00:20,357 INFO 75011 [egg-security] use noopen middleware
2019-01-03 12:00:20,359 INFO 75011 [egg-security] use nosniff middleware
2019-01-03 12:00:20,360 INFO 75011 [egg-security] use xssProtection middleware
2019-01-03 12:00:20,362 INFO 75011 [egg-security] use xframe middleware
2019-01-03 12:00:20,363 INFO 75011 [egg-security] use dta middleware
2019-01-03 12:00:20,363 INFO 75011 [egg-security] compose 7 middlewares into one security middleware
2019-01-03 12:00:20,381 INFO 75011 [egg:core] dump config after load, 10ms
2019-01-03 12:00:20,406 INFO 75011 [egg-watcher:application] watcher start success
2019-01-03 12:00:20,420 INFO 75011 [egg:core] dump config after ready, 11ms
2019-01-03 12:01:10,771 INFO 75467 [egg:logger] init all loggers with options: {"dir":"/Users/tugenhua/个人demo/egg/egg-demo1/logs/egg-demo1","encoding":"utf8","env":"local","level":"INFO","consoleLevel":"INFO","disableConsoleAfterReady":false,"outputJSON":false,"buffer":true,"appLogName":"egg-demo1-web.log","coreLogName":"egg-web.log","agentLogName":"egg-agent.log","errorLogName":"common-error.log","coreLogger":{"consoleLevel":"WARN"},"allowDebugAtProd":false,"type":"application"}
2019-01-03 12:01:10,815 INFO 75467 [egg-multipart] stream mode enable
2019-01-03 12:01:10,870 INFO 75467 [egg-static] starting static serve /public/ -> /Users/tugenhua/个人demo/egg/egg-demo1/app/public
2019-01-03 12:01:10,872 INFO 75467 [egg-security] use csrf middleware
2019-01-03 12:01:10,873 INFO 75467 [egg-security] use methodnoallow middleware
2019-01-03 12:01:10,873 INFO 75467 [egg-security] use noopen middleware
2019-01-03 12:01:10,879 INFO 75467 [egg-security] use nosniff middleware
2019-01-03 12:01:10,880 INFO 75467 [egg-security] use xssProtection middleware
2019-01-03 12:01:10,881 INFO 75467 [egg-security] use xframe middleware
2019-01-03 12:01:10,882 INFO 75467 [egg-security] use dta middleware
2019-01-03 12:01:10,882 INFO 75467 [egg-security] compose 7 middlewares into one security middleware
2019-01-03 12:01:10,896 INFO 75467 [egg:core] dump config after load, 9ms
2019-01-03 12:01:10,916 INFO 75467 [egg-watcher:application] watcher start success
2019-01-03 12:01:10,926 INFO 75467 [egg:core] dump config after ready, 7ms
2019-01-03 12:01:36,849 INFO 75792 [egg:logger] init all loggers with options: {"dir":"/Users/tugenhua/个人demo/egg/egg-demo1/logs/egg-demo1","encoding":"utf8","env":"local","level":"INFO","consoleLevel":"INFO","disableConsoleAfterReady":false,"outputJSON":false,"buffer":true,"appLogName":"egg-demo1-web.log","coreLogName":"egg-web.log","agentLogName":"egg-agent.log","errorLogName":"common-error.log","coreLogger":{"consoleLevel":"WARN"},"allowDebugAtProd":false,"type":"application"}
2019-01-03 12:01:36,894 INFO 75792 [egg-multipart] stream mode enable
2019-01-03 12:01:36,948 INFO 75792 [egg-static] starting static serve /public/ -> /Users/tugenhua/个人demo/egg/egg-demo1/app/public
2019-01-03 12:01:36,950 INFO 75792 [egg-security] use csrf middleware
2019-01-03 12:01:36,951 INFO 75792 [egg-security] use methodnoallow middleware
2019-01-03 12:01:36,951 INFO 75792 [egg-security] use noopen middleware
2019-01-03 12:01:36,952 INFO 75792 [egg-security] use nosniff middleware
2019-01-03 12:01:36,952 INFO 75792 [egg-security] use xssProtection middleware
2019-01-03 12:01:36,952 INFO 75792 [egg-security] use xframe middleware
2019-01-03 12:01:36,953 INFO 75792 [egg-security] use dta middleware
2019-01-03 12:01:36,953 INFO 75792 [egg-security] compose 7 middlewares into one security middleware
2019-01-03 12:01:36,967 INFO 75792 [egg:core] dump config after load, 9ms
2019-01-03 12:01:36,987 INFO 75792 [egg-watcher:application] watcher start success
2019-01-03 12:01:36,994 INFO 75792 [egg:core] dump config after ready, 4ms
2019-01-03 12:01:37,868 INFO 75798 [egg:logger] init all loggers with options: {"dir":"/Users/tugenhua/个人demo/egg/egg-demo1/logs/egg-demo1","encoding":"utf8","env":"local","level":"INFO","consoleLevel":"INFO","disableConsoleAfterReady":false,"outputJSON":false,"buffer":true,"appLogName":"egg-demo1-web.log","coreLogName":"egg-web.log","agentLogName":"egg-agent.log","errorLogName":"common-error.log","coreLogger":{"consoleLevel":"WARN"},"allowDebugAtProd":false,"type":"application"}
2019-01-03 12:01:37,908 INFO 75798 [egg-multipart] stream mode enable
2019-01-03 12:01:37,954 INFO 75798 [egg-static] starting static serve /public/ -> /Users/tugenhua/个人demo/egg/egg-demo1/app/public
2019-01-03 12:01:37,957 INFO 75798 [egg-security] use csrf middleware
2019-01-03 12:01:37,957 INFO 75798 [egg-security] use methodnoallow middleware
2019-01-03 12:01:37,958 INFO 75798 [egg-security] use noopen middleware
2019-01-03 12:01:37,963 INFO 75798 [egg-security] use nosniff middleware
2019-01-03 12:01:37,964 INFO 75798 [egg-security] use xssProtection middleware
2019-01-03 12:01:37,964 INFO 75798 [egg-security] use xframe middleware
2019-01-03 12:01:37,964 INFO 75798 [egg-security] use dta middleware
2019-01-03 12:01:37,964 INFO 75798 [egg-security] compose 7 middlewares into one security middleware
2019-01-03 12:01:37,982 INFO 75798 [egg:core] dump config after load, 8ms
2019-01-03 12:01:38,010 INFO 75798 [egg-watcher:application] watcher start success
2019-01-03 12:01:38,021 INFO 75798 [egg:core] dump config after ready, 7ms
2019-01-03 12:01:49,633 INFO 75921 [egg:logger] init all loggers with options: {"dir":"/Users/tugenhua/个人demo/egg/egg-demo1/logs/egg-demo1","encoding":"utf8","env":"local","level":"INFO","consoleLevel":"INFO","disableConsoleAfterReady":false,"outputJSON":false,"buffer":true,"appLogName":"egg-demo1-web.log","coreLogName":"egg-web.log","agentLogName":"egg-agent.log","errorLogName":"common-error.log","coreLogger":{"consoleLevel":"WARN"},"allowDebugAtProd":false,"type":"application"}
2019-01-03 12:01:49,698 INFO 75921 [egg-multipart] stream mode enable
2019-01-03 12:01:49,781 INFO 75921 [egg-static] starting static serve /public/ -> /Users/tugenhua/个人demo/egg/egg-demo1/app/public
2019-01-03 12:01:49,785 INFO 75921 [egg-security] use csrf middleware
2019-01-03 12:01:49,785 INFO 75921 [egg-security] use methodnoallow middleware
2019-01-03 12:01:49,786 INFO 75921 [egg-security] use noopen middleware
2019-01-03 12:01:49,787 INFO 75921 [egg-security] use nosniff middleware
2019-01-03 12:01:49,787 INFO 75921 [egg-security] use xssProtection middleware
2019-01-03 12:01:49,787 INFO 75921 [egg-security] use xframe middleware
2019-01-03 12:01:49,788 INFO 75921 [egg-security] use dta middleware
2019-01-03 12:01:49,788 INFO 75921 [egg-security] compose 7 middlewares into one security middleware
2019-01-03 12:01:49,804 INFO 75921 [egg:core] dump config after load, 9ms
2019-01-03 12:01:49,822 INFO 75921 [egg-watcher:application] watcher start success
2019-01-03 12:01:49,830 INFO 75921 [egg:core] dump config after ready, 4ms
2019-01-03 12:01:51,100 INFO 75923 [egg:logger] init all loggers with options: {"dir":"/Users/tugenhua/个人demo/egg/egg-demo1/logs/egg-demo1","encoding":"utf8","env":"local","level":"INFO","consoleLevel":"INFO","disableConsoleAfterReady":false,"outputJSON":false,"buffer":true,"appLogName":"egg-demo1-web.log","coreLogName":"egg-web.log","agentLogName":"egg-agent.log","errorLogName":"common-error.log","coreLogger":{"consoleLevel":"WARN"},"allowDebugAtProd":false,"type":"application"}
2019-01-03 12:01:51,148 INFO 75923 [egg-multipart] stream mode enable
2019-01-03 12:01:51,231 INFO 75923 [egg-static] starting static serve /public/ -> /Users/tugenhua/个人demo/egg/egg-demo1/app/public
2019-01-03 12:01:51,235 INFO 75923 [egg-security] use csrf middleware
2019-01-03 12:01:51,236 INFO 75923 [egg-security] use methodnoallow middleware
2019-01-03 12:01:51,237 INFO 75923 [egg-security] use noopen middleware
2019-01-03 12:01:51,238 INFO 75923 [egg-security] use nosniff middleware
2019-01-03 12:01:51,238 INFO 75923 [egg-security] use xssProtection middleware
2019-01-03 12:01:51,239 INFO 75923 [egg-security] use xframe middleware
2019-01-03 12:01:51,239 INFO 75923 [egg-security] use dta middleware
2019-01-03 12:01:51,239 INFO 75923 [egg-security] compose 7 middlewares into one security middleware
2019-01-03 12:01:51,262 INFO 75923 [egg:core] dump config after load, 13ms
2019-01-03 12:01:51,279 INFO 75923 [egg-watcher:application] watcher start success
2019-01-03 12:01:51,285 INFO 75923 [egg:core] dump config after ready, 4ms
2019-01-03 12:02:37,027 INFO 76378 [egg:logger] init all loggers with options: {"dir":"/Users/tugenhua/个人demo/egg/egg-demo1/logs/egg-demo1","encoding":"utf8","env":"local","level":"INFO","consoleLevel":"INFO","disableConsoleAfterReady":false,"outputJSON":false,"buffer":true,"appLogName":"egg-demo1-web.log","coreLogName":"egg-web.log","agentLogName":"egg-agent.log","errorLogName":"common-error.log","coreLogger":{"consoleLevel":"WARN"},"allowDebugAtProd":false,"type":"application"}
2019-01-03 12:02:37,088 INFO 76378 [egg-multipart] stream mode enable
2019-01-03 12:02:37,207 INFO 76378 [egg-static] starting static serve /public/ -> /Users/tugenhua/个人demo/egg/egg-demo1/app/public
2019-01-03 12:02:37,211 INFO 76378 [egg-security] use csrf middleware
2019-01-03 12:02:37,212 INFO 76378 [egg-security] use methodnoallow middleware
2019-01-03 12:02:37,213 INFO 76378 [egg-security] use noopen middleware
2019-01-03 12:02:37,223 INFO 76378 [egg-security] use nosniff middleware
2019-01-03 12:02:37,223 INFO 76378 [egg-security] use xssProtection middleware
2019-01-03 12:02:37,224 INFO 76378 [egg-security] use xframe middleware
2019-01-03 12:02:37,224 INFO 76378 [egg-security] use dta middleware
2019-01-03 12:02:37,224 INFO 76378 [egg-security] compose 7 middlewares into one security middleware
2019-01-03 12:02:37,247 INFO 76378 [egg:core] dump config after load, 13ms
2019-01-03 12:02:37,283 INFO 76378 [egg-watcher:application] watcher start success
2019-01-03 12:02:37,307 INFO 76378 [egg:core] dump config after ready, 19ms
2019-01-03 12:02:38,432 INFO 76479 [egg:logger] init all loggers with options: {"dir":"/Users/tugenhua/个人demo/egg/egg-demo1/logs/egg-demo1","encoding":"utf8","env":"local","level":"INFO","consoleLevel":"INFO","disableConsoleAfterReady":false,"outputJSON":false,"buffer":true,"appLogName":"egg-demo1-web.log","coreLogName":"egg-web.log","agentLogName":"egg-agent.log","errorLogName":"common-error.log","coreLogger":{"consoleLevel":"WARN"},"allowDebugAtProd":false,"type":"application"}
2019-01-03 12:02:38,489 INFO 76479 [egg-multipart] stream mode enable
2019-01-03 12:02:38,561 INFO 76479 [egg-static] starting static serve /public/ -> /Users/tugenhua/个人demo/egg/egg-demo1/app/public
2019-01-03 12:02:38,565 INFO 76479 [egg-security] use csrf middleware
2019-01-03 12:02:38,566 INFO 76479 [egg-security] use methodnoallow middleware
2019-01-03 12:02:38,566 INFO 76479 [egg-security] use noopen middleware
2019-01-03 12:02:38,567 INFO 76479 [egg-security] use nosniff middleware
2019-01-03 12:02:38,568 INFO 76479 [egg-security] use xssProtection middleware
2019-01-03 12:02:38,568 INFO 76479 [egg-security] use xframe middleware
2019-01-03 12:02:38,568 INFO 76479 [egg-security] use dta middleware
2019-01-03 12:02:38,569 INFO 76479 [egg-security] compose 7 middlewares into one security middleware
2019-01-03 12:02:38,584 INFO 76479 [egg:core] dump config after load, 8ms
2019-01-03 12:02:38,606 INFO 76479 [egg-watcher:application] watcher start success
2019-01-03 12:02:38,619 INFO 76479 [egg:core] dump config after ready, 9ms
2019-01-03 12:02:55,927 INFO 76601 [egg:logger] init all loggers with options: {"dir":"/Users/tugenhua/个人demo/egg/egg-demo1/logs/egg-demo1","encoding":"utf8","env":"local","level":"INFO","consoleLevel":"INFO","disableConsoleAfterReady":false,"outputJSON":false,"buffer":true,"appLogName":"egg-demo1-web.log","coreLogName":"egg-web.log","agentLogName":"egg-agent.log","errorLogName":"common-error.log","coreLogger":{"consoleLevel":"WARN"},"allowDebugAtProd":false,"type":"application"}
2019-01-03 12:02:55,970 INFO 76601 [egg-multipart] stream mode enable
2019-01-03 12:02:56,028 INFO 76601 [egg-static] starting static serve /public/ -> /Users/tugenhua/个人demo/egg/egg-demo1/app/public
2019-01-03 12:02:56,032 INFO 76601 [egg-security] use csrf middleware
2019-01-03 12:02:56,033 INFO 76601 [egg-security] use methodnoallow middleware
2019-01-03 12:02:56,033 INFO 76601 [egg-security] use noopen middleware
2019-01-03 12:02:56,041 INFO 76601 [egg-security] use nosniff middleware
2019-01-03 12:02:56,042 INFO 76601 [egg-security] use xssProtection middleware
2019-01-03 12:02:56,042 INFO 76601 [egg-security] use xframe middleware
2019-01-03 12:02:56,043 INFO 76601 [egg-security] use dta middleware
2019-01-03 12:02:56,043 INFO 76601 [egg-security] compose 7 middlewares into one security middleware
2019-01-03 12:02:56,057 INFO 76601 [egg:core] dump config after load, 8ms
2019-01-03 12:02:56,076 INFO 76601 [egg-watcher:application] watcher start success
2019-01-03 12:02:56,084 INFO 76601 [egg:core] dump config after ready, 5ms
2019-01-03 13:14:28,038 WARN 76601 [ClusterClient:Watcher] follower closed, and try to init it again
2019-01-03 13:24:24,656 WARN 76601 [ClusterClient:Watcher] follower closed, and try to init it again
2019-01-03 13:44:57,954 WARN 76601 [TCPBase] socket is closed by other side while there were still unhandled data in the socket buffer
2019-01-03 13:44:57,954 WARN 76601 [ClusterClient:Watcher] follower closed, and try to init it again
2019-01-03 13:51:26,523 WARN 76601 [ClusterClient:Watcher] follower closed, and try to init it again
2019-01-03 20:20:28,139 INFO 26726 [egg:logger] init all loggers with options: {"dir":"/Users/tugenhua/个人demo/egg/egg-demo1/logs/egg-demo1","encoding":"utf8","env":"local","level":"INFO","consoleLevel":"INFO","disableConsoleAfterReady":false,"outputJSON":false,"buffer":true,"appLogName":"egg-demo1-web.log","coreLogName":"egg-web.log","agentLogName":"egg-agent.log","errorLogName":"common-error.log","coreLogger":{"consoleLevel":"WARN"},"allowDebugAtProd":false,"type":"application"}
2019-01-03 20:20:28,188 INFO 26726 [egg-multipart] stream mode enable
2019-01-03 20:20:28,292 INFO 26726 [egg-static] starting static serve /public/ -> /Users/tugenhua/个人demo/egg/egg-demo1/app/public
2019-01-03 20:20:28,296 INFO 26726 [egg-security] use csrf middleware
2019-01-03 20:20:28,298 INFO 26726 [egg-security] use methodnoallow middleware
2019-01-03 20:20:28,299 INFO 26726 [egg-security] use noopen middleware
2019-01-03 20:20:28,300 INFO 26726 [egg-security] use nosniff middleware
2019-01-03 20:20:28,300 INFO 26726 [egg-security] use xssProtection middleware
2019-01-03 20:20:28,301 INFO 26726 [egg-security] use xframe middleware
2019-01-03 20:20:28,302 INFO 26726 [egg-security] use dta middleware
2019-01-03 20:20:28,302 INFO 26726 [egg-security] compose 7 middlewares into one security middleware
2019-01-03 20:20:28,320 INFO 26726 [egg:core] dump config after load, 11ms
2019-01-03 20:20:28,344 INFO 26726 [egg-watcher:application] watcher start success
2019-01-03 20:20:28,371 INFO 26726 [egg:core] dump config after ready, 22ms
2019-01-03 20:20:40,316 INFO 26726 [egg-view-nunjucks] loading templates from ["/Users/tugenhua/个人demo/egg/egg-demo1/app/view"]
